<?xml version="1.0" encoding="utf-8"?>
<export><results><annotation url="https://dhldover.rossum.app/api/v1/annotations/21470560"><status>confirmed</status><arrived_at>2025-09-24T15:07:44.779855Z</arrived_at><document url="https://dhldover.rossum.app/api/v1/documents/33940911"><file_name>Order_KC Shipping Invoice_0067850402_20250924_3226_IE.PDF</file_name><file>https://dhldover.rossum.app/api/v1/documents/33940911/content</file></document><modifier url="https://dhldover.rossum.app/api/v1/users/355356"><username>sugaselvi.m98@gmail.com</username></modifier><schema url="https://dhldover.rossum.app/api/v1/schemas/1826770"></schema><metadata></metadata><content><section schema_id="basic_info_section"><datapoint rir_confidence="1.0" schema_id="InvoiceNumber" type="string">99146873</datapoint><datapoint rir_confidence="1.0" schema_id="InvoiceDate" type="date">2025-09-23</datapoint><datapoint rir_confidence="0.8723063468933105" schema_id="document_type" type="enum">tax_invoice</datapoint><datapoint rir_confidence="1.0" schema_id="language" type="enum">eng</datapoint><datapoint rir_confidence="1.0" schema_id="Incoterm_code" type="string">DAP</datapoint><datapoint rir_confidence="1.0" schema_id="PortOfLoading_code" type="string">DEMUC</datapoint><datapoint rir_confidence="1.0" schema_id="PortOfOrigin_code" type="string">DEMUC</datapoint><datapoint rir_confidence="1.0" schema_id="TransportID" type="string">TBC</datapoint><datapoint rir_confidence="1.0" schema_id="Nationality" type="string">DE</datapoint><datapoint rir_confidence="1.0" schema_id="Location_code" type="string">GBAU LIVLIVLIVGVM</datapoint><datapoint rir_confidence="1.0" schema_id="Sublocation_code" type="string">LIVLIV</datapoint><datapoint rir_confidence="1.0" schema_id="customsBroker_code" type="string">DK9</datapoint><datapoint rir_confidence="1.0" schema_id="PortOfDischarge_code" type="string">GBDVR</datapoint><datapoint rir_confidence="1.0" schema_id="PortOfDestination_code" type="string">GBDVR</datapoint><datapoint rir_confidence="1.0" schema_id="DefermentAccountNumber" type="number">9069500</datapoint><datapoint rir_confidence="1.0" schema_id="PaymentMethod_code" type="string">A</datapoint></section><section schema_id="totals_section"><datapoint rir_confidence="1.0" schema_id="InvoiceAmount" type="number">4825.36</datapoint><datapoint rir_confidence="0.9592154041055374" schema_id="currency" type="enum">eur</datapoint><datapoint rir_confidence="1.0" schema_id="Other_Charges" type="number"></datapoint><datapoint rir_confidence="1.0" schema_id="Freight_Amount" type="number"></datapoint><datapoint rir_confidence="1.0" schema_id="Discount_Amount" type="number"></datapoint><datapoint rir_confidence="1.0" schema_id="Insurance_amount" type="number"></datapoint><datapoint rir_confidence="1.0" schema_id="TotalWeight" type="number">2589.864</datapoint><datapoint rir_confidence="1.0" schema_id="NetWeight" type="string">2.000,384</datapoint><datapoint rir_confidence="1.0" schema_id="OuterPacks" type="number">668</datapoint><datapoint rir_confidence="1.0" schema_id="OuterPacksPackageType" type="string">CS</datapoint><datapoint rir_confidence="1.0" schema_id="OtherCharges_Currency" type="string"></datapoint><datapoint rir_confidence="1.0" schema_id="Freight_charges_Currency" type="string"></datapoint><datapoint rir_confidence="1.0" schema_id="Discount_Currency" type="string"></datapoint><datapoint rir_confidence="1.0" schema_id="Insurance_Charges_Currency" type="string"></datapoint><datapoint rir_confidence="1.0" schema_id="VAT_Adjustment" type="number">340</datapoint><datapoint rir_confidence="1.0" schema_id="VAT_Adjustment_Currency" type="string">GBP</datapoint><datapoint rir_confidence="1.0" schema_id="sadtype" type="string">Y024</datapoint><datapoint rir_confidence="1.0" schema_id="ReferenceNumber" type="string">GBAEOC/00001/15</datapoint><datapoint rir_confidence="1.0" schema_id="SubStylecode" type="string">D</datapoint><datapoint rir_confidence="1.0" schema_id="EntryInstruction_Style" type="string">H1</datapoint><datapoint rir_confidence="1.0" schema_id="FiscalReferenceCode" type="string">FR1</datapoint><datapoint rir_confidence="1.0" schema_id="Company_code" type="string">GB1</datapoint><datapoint schema_id="Branch_code" type="enum">DO1</datapoint><datapoint rir_confidence="1.0" schema_id="Type" type="string">Customsdeclaration</datapoint><datapoint rir_confidence="1.0" schema_id="Key_Value" type="string">Yes</datapoint><datapoint rir_confidence="1.0" schema_id="WayBillNumber_" type="string">578152271</datapoint><datapoint rir_confidence="1.0" schema_id="Messagetype_Code" type="string">IMP</datapoint><datapoint rir_confidence="1.0" schema_id="MessageSubType_Code" type="string">IM</datapoint><datapoint rir_confidence="1.0" schema_id="countrycode" type="string"></datapoint><datapoint rir_confidence="1.0" schema_id="location_type" type="string"></datapoint><datapoint rir_confidence="1.0" schema_id="Transportmode_code" type="string">ROR</datapoint><datapoint rir_confidence="1.0" schema_id="Department_CODE" type="string">COT</datapoint><datapoint rir_confidence="1.0" schema_id="MessagingApplicationCode" type="string">CDS</datapoint><datapoint rir_confidence="1.0" schema_id="badge_code" type="string">CDS</datapoint><datapoint rir_confidence="1.0" schema_id="Fiscal_VAT_reference" type="string">GB445809527</datapoint><datapoint rir_confidence="1.0" schema_id="AccessCode" type="number">0</datapoint><datapoint rir_confidence="1.0" schema_id="Guarantee_entryinstruction" type="string">H1</datapoint><datapoint schema_id="Customer_reference3" type="enum"></datapoint></section><section schema_id="vendor_section"><datapoint rir_confidence="1.0" schema_id="Exporter_OrganizationCode" type="string">IEKI0007</datapoint><datapoint rir_confidence="1.0" schema_id="Exporter_Address" type="string">Kimberly-Clark Limited
GBCOM
Walton Oaks Dorking Road
TADWORTH KT20 7NS
UNITED KINGDOM</datapoint><datapoint rir_confidence="1.0" schema_id="Exporter_VAT_number_" type="string">IE3645662CH</datapoint><datapoint rir_confidence="1.0" schema_id="Importer_OrganizationCode" type="string">GBKIC050</datapoint><datapoint rir_confidence="1.0" schema_id="Importer_address" type="string">Kimberly-Clark
Kimberly-Clark Europe Ltd.
Walton Oaks Dorking Road
TADWORTH
Surrey 200
UNITED KINGDOM</datapoint><datapoint rir_confidence="1.0" schema_id="importer_VAT_Number_" type="string">GB445809527</datapoint><datapoint rir_confidence="1.0" schema_id="local_client_code" type="string"></datapoint></section><section schema_id="line_items_section"><multivalue schema_id="LineItems"><tuple schema_id="LineItems_tuple"><datapoint schema_id="Harmonised_Code" type="string">9608910090</datapoint><datapoint schema_id="duty_check" type="string"></datapoint><datapoint schema_id="Item_description" type="string">Toilet Paper</datapoint><datapoint schema_id="CountryOfOrigincode" type="string">GB</datapoint><datapoint schema_id="PrimaryPreference_" type="string">100</datapoint><datapoint schema_id="Line_value" type="number">1408.51</datapoint><datapoint schema_id="Line_grossweight" type="number">646.272</datapoint><datapoint schema_id="Line_netweight" type="number">635.472</datapoint><datapoint schema_id="Quantity2" type="number"></datapoint><datapoint schema_id="Qty2_Expression" type="string"></datapoint><datapoint schema_id="CPC_" type="string">4000000</datapoint><datapoint schema_id="Valuation" type="string">1</datapoint><datapoint schema_id="InvoiceQuantity_" type="number">216</datapoint><datapoint schema_id="InvoiceQtyUnit" type="string">CAS</datapoint><datapoint schema_id="packagecount_1" type="number">216</datapoint><datapoint schema_id="PackageKind_" type="string">CS</datapoint><datapoint schema_id="MarksAndNos_1" type="string">ADDR</datapoint><datapoint schema_id="Previous_docs_invoice" type="string">91468739</datapoint><datapoint schema_id="EAD1" type="string"></datapoint><datapoint schema_id="EAD_2" type="string"></datapoint><datapoint schema_id="AdditionalInfo_Code1" type="string"></datapoint><datapoint schema_id="AdditionalInfoText1" type="string"></datapoint><datapoint schema_id="AdditionalInfoCode2" type="string"></datapoint><datapoint schema_id="AdditionalInfo_Text2" type="string"></datapoint><datapoint schema_id="Sad1_Code" type="string">C505</datapoint><datapoint schema_id="Sad1Status" type="string">CC</datapoint><datapoint schema_id="SadReason1" type="string"></datapoint><datapoint schema_id="Sad1Reference" type="string">GBCGUguaranteenotrequired</datapoint><datapoint schema_id="Sad2Code" type="string">C506</datapoint><datapoint schema_id="Sad2Status" type="string"></datapoint><datapoint schema_id="Sad_Reason2" type="string"></datapoint><datapoint schema_id="Sad2Reference_" type="string">GBDPO9069500</datapoint><datapoint schema_id="Sad3Code" type="string">Y900</datapoint><datapoint schema_id="Sad3Status" type="string"></datapoint><datapoint schema_id="SadReason3" type="string">CITES PERMIT NOT REQUIRED</datapoint><datapoint schema_id="Sad3Reference" type="string">CITES PERMIT NOT REQUIRED</datapoint><datapoint schema_id="Sad4Code" type="string">Y253</datapoint><datapoint schema_id="Sad4Status" type="string"></datapoint><datapoint schema_id="SadReason4" type="string">PHYTOSANITARY CERTIFICATE EXEMPT</datapoint><datapoint schema_id="Sad4Reference" type="string">PHYTOSANITARY CERTIFICATE EXEMPT</datapoint><datapoint schema_id="Sad5Code" type="string">Y934</datapoint><datapoint schema_id="Sad5Status" type="string"></datapoint><datapoint schema_id="SadReason5" type="string">REG 258/2012 EXEMPT</datapoint><datapoint schema_id="Sad5Reference" type="string">REG 258/2012 EXEMPT</datapoint><datapoint schema_id="Sad6Code" type="string">Y969</datapoint><datapoint schema_id="Sad6Status" type="string"></datapoint><datapoint schema_id="SadReason6_" type="string">REG 2017/852 WAIVER</datapoint><datapoint schema_id="Sad6Reference_" type="string">REG 2017/852 WAIVER</datapoint><datapoint schema_id="VATType" type="string">666</datapoint><datapoint schema_id="MethodOfPayment" type="string">E</datapoint></tuple><tuple schema_id="LineItems_tuple"><datapoint schema_id="Harmonised_Code" type="string">9608990000</datapoint><datapoint schema_id="duty_check" type="string"></datapoint><datapoint schema_id="Item_description" type="string">Toilet Paper</datapoint><datapoint schema_id="CountryOfOrigincode" type="string">GB</datapoint><datapoint schema_id="PrimaryPreference_" type="string">100</datapoint><datapoint schema_id="Line_value" type="number">1407.63</datapoint><datapoint schema_id="Line_grossweight" type="number">508.160</datapoint><datapoint schema_id="Line_netweight" type="number">427.904</datapoint><datapoint schema_id="Quantity2" type="number"></datapoint><datapoint schema_id="Qty2_Expression" type="string"></datapoint><datapoint schema_id="CPC_" type="string">4000000</datapoint><datapoint schema_id="Valuation" type="string">1</datapoint><datapoint schema_id="InvoiceQuantity_" type="number">128</datapoint><datapoint schema_id="InvoiceQtyUnit" type="string">CAS</datapoint><datapoint schema_id="packagecount_1" type="number">128</datapoint><datapoint schema_id="PackageKind_" type="string">CS</datapoint><datapoint schema_id="MarksAndNos_1" type="string">ADDR</datapoint><datapoint schema_id="Previous_docs_invoice" type="string">91468739</datapoint><datapoint schema_id="EAD1" type="string"></datapoint><datapoint schema_id="EAD_2" type="string"></datapoint><datapoint schema_id="AdditionalInfo_Code1" type="string"></datapoint><datapoint schema_id="AdditionalInfoText1" type="string"></datapoint><datapoint schema_id="AdditionalInfoCode2" type="string"></datapoint><datapoint schema_id="AdditionalInfo_Text2" type="string"></datapoint><datapoint schema_id="Sad1_Code" type="string">C505</datapoint><datapoint schema_id="Sad1Status" type="string">CC</datapoint><datapoint schema_id="SadReason1" type="string"></datapoint><datapoint schema_id="Sad1Reference" type="string">GBCGUguaranteenotrequired</datapoint><datapoint schema_id="Sad2Code" type="string">C506</datapoint><datapoint schema_id="Sad2Status" type="string"></datapoint><datapoint schema_id="Sad_Reason2" type="string"></datapoint><datapoint schema_id="Sad2Reference_" type="string">GBDPO9069500</datapoint><datapoint schema_id="Sad3Code" type="string">Y900</datapoint><datapoint schema_id="Sad3Status" type="string"></datapoint><datapoint schema_id="SadReason3" type="string">CITES PERMIT NOT REQUIRED</datapoint><datapoint schema_id="Sad3Reference" type="string">CITES PERMIT NOT REQUIRED</datapoint><datapoint schema_id="Sad4Code" type="string">Y107</datapoint><datapoint schema_id="Sad4Status" type="string"></datapoint><datapoint schema_id="SadReason4" type="string">EXEMPT – AIRCRAFT SPARE PARTS</datapoint><datapoint schema_id="Sad4Reference" type="string">EXEMPT – AIRCRAFT SPARE PARTS</datapoint><datapoint schema_id="Sad5Code" type="string">Y945</datapoint><datapoint schema_id="Sad5Status" type="string"></datapoint><datapoint schema_id="SadReason5" type="string">REG 2017/1509 EXEMPT</datapoint><datapoint schema_id="Sad5Reference" type="string">REG 2017/1509 EXEMPT</datapoint><datapoint schema_id="Sad6Code" type="string">Y964</datapoint><datapoint schema_id="Sad6Status" type="string"></datapoint><datapoint schema_id="SadReason6_" type="string">REG 2017/1509 EXEMPT</datapoint><datapoint schema_id="Sad6Reference_" type="string">REG 2017/1509 EXEMPT</datapoint><datapoint schema_id="VATType" type="string">666</datapoint><datapoint schema_id="MethodOfPayment" type="string">E</datapoint></tuple><tuple schema_id="LineItems_tuple"><datapoint schema_id="Harmonised_Code" type="string">9609101000</datapoint><datapoint schema_id="duty_check" type="string"></datapoint><datapoint schema_id="Item_description" type="string">Toilet Paper</datapoint><datapoint schema_id="CountryOfOrigincode" type="string">GB</datapoint><datapoint schema_id="PrimaryPreference_" type="string">100</datapoint><datapoint schema_id="Line_value" type="number">2009.22</datapoint><datapoint schema_id="Line_grossweight" type="number">945.432</datapoint><datapoint schema_id="Line_netweight" type="number">937.008</datapoint><datapoint schema_id="Quantity2" type="number"></datapoint><datapoint schema_id="Qty2_Expression" type="string"></datapoint><datapoint schema_id="CPC_" type="string">4000000</datapoint><datapoint schema_id="Valuation" type="string">1</datapoint><datapoint schema_id="InvoiceQuantity_" type="number">324</datapoint><datapoint schema_id="InvoiceQtyUnit" type="string">CAS</datapoint><datapoint schema_id="packagecount_1" type="number">324</datapoint><datapoint schema_id="PackageKind_" type="string">CS</datapoint></tuple></multivalue></section></content></annotation></results></export>
